WineskinX11: main(): argc=12
Waiting for startup parameters via Mach IPC.
WineskinX11: do_start_x11_server(): argc=12
Attempting to use pixel depth of 24
[305124.488] WineskinX11 starting:
[305124.488] X.Org X Server 1.13.0
[305124.488] Build Date: 20120921
[305124.488] _XSERVTransmkdir: ERROR: euid != 0,directory /tmp/.X11-unix will not be created.
[305124.491] Initializing built-in extension Generic Event Extension
[305124.491] Initializing built-in extension SHAPE
[305124.491] Initializing built-in extension MIT-SHM
[305124.491] Initializing built-in extension XInputExtension
[305124.491] Initializing built-in extension XTEST
[305124.491] Initializing built-in extension BIG-REQUESTS
[305124.491] Initializing built-in extension SYNC
[305124.491] Initializing built-in extension XKEYBOARD
[305124.491] Initializing built-in extension XC-MISC
[305124.491] Initializing built-in extension XINERAMA
[305124.491] Initializing built-in extension PseudoramiX
[305124.491] Initializing built-in extension XFIXES
[305124.491] Initializing built-in extension RENDER
[305124.491] Initializing built-in extension RANDR
[305124.491] Initializing built-in extension DAMAGE
[305124.491] Initializing built-in extension MIT-SCREEN-SAVER
[305124.491] Initializing built-in extension DOUBLE-BUFFER
[305124.491] Initializing built-in extension RECORD
[305124.491] Initializing built-in extension X-Resource
[305124.491] Initializing built-in extension XVideo
[305124.491] Initializing built-in extension XVideo-MotionCompensation
[305124.491] Initializing built-in extension GLX
[305124.492] x: 0, y: 0, w: 1680, h: 1027
[305124.511] (II) GLX: Initialized Core OpenGL GL provider for screen 0
[305124.685] noPseudoramiXExtension=0, pseudoramiXNumScreens=1
Engine Used: WS9Wine1.9.11
Hardware:

    Hardware Overview:

      Model Name: MacBook Pro
      Model Identifier: MacBookPro12,1
      Processor Name: Intel Core i5
      Processor Speed: 2.7 GHz
      Number of Processors: 1
      Total Number of Cores: 2
      L2 Cache (per Core): 256 KB
      L3 Cache: 3 MB
      Memory: 8 GB
      Boot ROM Version: MBP121.0167.B16
      SMC Version (system): 2.28f7

Graphics/Displays:

    Intel Iris Graphics 6100:

      Chipset Model: Intel Iris Graphics 6100
      Type: GPU
      Bus: Built-In
      VRAM (Dynamic, Max): 1536 MB
      Vendor: Intel (0x8086)
      Device ID: 0x162b
      Revision ID: 0x0009
      Displays:
        Color LCD:
          Display Type: Retina LCD
          Resolution: 2560 x 1600 Retina
          Retina: Yes
          Pixel Depth: 32-Bit Color (ARGB8888)
          Main Display: Yes
          Mirror: Off
          Online: Yes
          Built-In: Yes

