WineskinX11: main(): argc=12
Waiting for startup parameters via Mach IPC.
WineskinX11: do_start_x11_server(): argc=12
Attempting to use pixel depth of 24
[2757213.790] WineskinX11 starting:
[2757213.790] X.Org X Server 1.13.0
[2757213.790] Build Date: 20120921
[2757213.790] _XSERVTransmkdir: ERROR: euid != 0,directory /tmp/.X11-unix will not be created.
[2757213.794] Initializing built-in extension Generic Event Extension
[2757213.794] Initializing built-in extension SHAPE
[2757213.794] Initializing built-in extension MIT-SHM
[2757213.794] Initializing built-in extension XInputExtension
[2757213.794] Initializing built-in extension XTEST
[2757213.794] Initializing built-in extension BIG-REQUESTS
[2757213.794] Initializing built-in extension SYNC
[2757213.794] Initializing built-in extension XKEYBOARD
[2757213.794] Initializing built-in extension XC-MISC
[2757213.794] Initializing built-in extension XINERAMA
[2757213.794] Initializing built-in extension PseudoramiX
[2757213.794] Initializing built-in extension XFIXES
[2757213.794] Initializing built-in extension RENDER
[2757213.794] Initializing built-in extension RANDR
[2757213.794] Initializing built-in extension DAMAGE
[2757213.794] Initializing built-in extension MIT-SCREEN-SAVER
[2757213.794] Initializing built-in extension DOUBLE-BUFFER
[2757213.794] Initializing built-in extension RECORD
[2757213.794] Initializing built-in extension X-Resource
[2757213.794] Initializing built-in extension XVideo
[2757213.794] Initializing built-in extension XVideo-MotionCompensation
[2757213.795] Initializing built-in extension GLX
[2757213.795] x: 0, y: 0, w: 1680, h: 1027
[2757213.821] (II) GLX: Initialized Core OpenGL GL provider for screen 0
[2757213.825] [dix] Could not init font path element /opt/X11/share/fonts/75dpi, removing from list!
[2757213.825] [dix] Could not init font path element /opt/X11/share/fonts/100dpi, removing from list!
[2757213.825] [dix] Could not init font path element /opt/X11/share/fonts/cyrillic, removing from list!
[2757213.825] [dix] Could not init font path element /opt/X11/share/fonts/misc, removing from list!
[2757213.825] [dix] Could not init font path element /opt/X11/share/fonts/OTF, removing from list!
[2757213.825] [dix] Could not init font path element /opt/X11/share/fonts/Speedo, removing from list!
[2757213.825] [dix] Could not init font path element /opt/X11/share/fonts/TTF, removing from list!
[2757213.825] [dix] Could not init font path element /opt/X11/share/fonts/Type1, removing from list!
[2757213.825] [dix] Could not init font path element /opt/X11/share/fonts/util, removing from list!
[2757213.958] noPseudoramiXExtension=0, pseudoramiXNumScreens=1
Engine Used: WS9Wine2.3
Hardware:

    Hardware Overview:

      Model Name: MacBook Pro
      Model Identifier: MacBookPro12,1
      Processor Name: Intel Core i5
      Processor Speed: 2.7 GHz
      Number of Processors: 1
      Total Number of Cores: 2
      L2 Cache (per Core): 256 KB
      L3 Cache: 3 MB
      Memory: 8 GB
      Boot ROM Version: MBP121.0167.B21
      SMC Version (system): 2.28f7

Graphics/Displays:

    Intel Iris Graphics 6100:

      Chipset Model: Intel Iris Graphics 6100
      Type: GPU
      Bus: Built-In
      VRAM (Dynamic, Max): 1536 MB
      Vendor: Intel (0x8086)
      Device ID: 0x162b
      Revision ID: 0x0009
      Metal: Supported
      Displays:
        Color LCD:
          Display Type: Retina LCD
          Resolution: 2560 x 1600 Retina
          Retina: Yes
          Pixel Depth: 32-Bit Color (ARGB8888)
          Main Display: Yes
          Mirror: Off
          Online: Yes
          Automatically Adjust Brightness: Yes
          Built-In: Yes

Engine Used: WS9Wine2.3
Hardware:

    Hardware Overview:

      Model Name: MacBook Pro
      Model Identifier: MacBookPro12,1
      Processor Name: Intel Core i5
      Processor Speed: 2.7 GHz
      Number of Processors: 1
      Total Number of Cores: 2
      L2 Cache (per Core): 256 KB
      L3 Cache: 3 MB
      Memory: 8 GB
      Boot ROM Version: MBP121.0167.B21
      SMC Version (system): 2.28f7

Graphics/Displays:

    Intel Iris Graphics 6100:

      Chipset Model: Intel Iris Graphics 6100
      Type: GPU
      Bus: Built-In
      VRAM (Dynamic, Max): 1536 MB
      Vendor: Intel (0x8086)
      Device ID: 0x162b
      Revision ID: 0x0009
      Metal: Supported
      Displays:
        Color LCD:
          Display Type: Retina LCD
          Resolution: 2560 x 1600 Retina
          Retina: Yes
          Pixel Depth: 32-Bit Color (ARGB8888)
          Main Display: Yes
          Mirror: Off
          Online: Yes
          Automatically Adjust Brightness: Yes
          Built-In: Yes

