WineskinX11: main(): argc=12
Waiting for startup parameters via Mach IPC.
WineskinX11: do_start_x11_server(): argc=12
Attempting to use pixel depth of 24
[2394104.651] WineskinX11 starting:
[2394104.651] X.Org X Server 1.13.0
[2394104.651] Build Date: 20120921
[2394104.651] _XSERVTransmkdir: ERROR: euid != 0,directory /tmp/.X11-unix will not be created.
[2394104.655] Initializing built-in extension Generic Event Extension
[2394104.655] Initializing built-in extension SHAPE
[2394104.655] Initializing built-in extension MIT-SHM
[2394104.655] Initializing built-in extension XInputExtension
[2394104.655] Initializing built-in extension XTEST
[2394104.655] Initializing built-in extension BIG-REQUESTS
[2394104.655] Initializing built-in extension SYNC
[2394104.655] Initializing built-in extension XKEYBOARD
[2394104.655] Initializing built-in extension XC-MISC
[2394104.655] Initializing built-in extension XINERAMA
[2394104.655] Initializing built-in extension PseudoramiX
[2394104.655] Initializing built-in extension XFIXES
[2394104.655] Initializing built-in extension RENDER
[2394104.655] Initializing built-in extension RANDR
[2394104.655] Initializing built-in extension DAMAGE
[2394104.655] Initializing built-in extension MIT-SCREEN-SAVER
[2394104.655] Initializing built-in extension DOUBLE-BUFFER
[2394104.655] Initializing built-in extension RECORD
[2394104.655] Initializing built-in extension X-Resource
[2394104.655] Initializing built-in extension XVideo
[2394104.655] Initializing built-in extension XVideo-MotionCompensation
[2394104.655] Initializing built-in extension GLX
[2394104.656] x: 0, y: 0, w: 1680, h: 1027
[2394104.685] (II) GLX: Initialized Core OpenGL GL provider for screen 0
[2394104.881] noPseudoramiXExtension=0, pseudoramiXNumScreens=1
Engine Used: WS9Wine1.9.21
Hardware:

    Hardware Overview:

      Model Name: MacBook Pro
      Model Identifier: MacBookPro12,1
      Processor Name: Intel Core i5
      Processor Speed: 2.7 GHz
      Number of Processors: 1
      Total Number of Cores: 2
      L2 Cache (per Core): 256 KB
      L3 Cache: 3 MB
      Memory: 8 GB
      Boot ROM Version: MBP121.0167.B17
      SMC Version (system): 2.28f7

Graphics/Displays:

    Intel Iris Graphics 6100:

      Chipset Model: Intel Iris Graphics 6100
      Type: GPU
      Bus: Built-In
      VRAM (Dynamic, Max): 1536 MB
      Vendor: Intel (0x8086)
      Device ID: 0x162b
      Revision ID: 0x0009
      Metal: Supported
      Displays:
        Color LCD:
          Display Type: Retina LCD
          Resolution: 2560 x 1600 Retina
          Retina: Yes
          Pixel Depth: 32-Bit Color (ARGB8888)
          Main Display: Yes
          Mirror: Off
          Online: Yes
          Automatically Adjust Brightness: Yes
          Built-In: Yes

Engine Used: WS9Wine1.9.21
Hardware:

    Hardware Overview:

      Model Name: MacBook Pro
      Model Identifier: MacBookPro12,1
      Processor Name: Intel Core i5
      Processor Speed: 2.7 GHz
      Number of Processors: 1
      Total Number of Cores: 2
      L2 Cache (per Core): 256 KB
      L3 Cache: 3 MB
      Memory: 8 GB
      Boot ROM Version: MBP121.0167.B17
      SMC Version (system): 2.28f7

Graphics/Displays:

    Intel Iris Graphics 6100:

      Chipset Model: Intel Iris Graphics 6100
      Type: GPU
      Bus: Built-In
      VRAM (Dynamic, Max): 1536 MB
      Vendor: Intel (0x8086)
      Device ID: 0x162b
      Revision ID: 0x0009
      Metal: Supported
      Displays:
        Color LCD:
          Display Type: Retina LCD
          Resolution: 2560 x 1600 Retina
          Retina: Yes
          Pixel Depth: 32-Bit Color (ARGB8888)
          Main Display: Yes
          Mirror: Off
          Online: Yes
          Automatically Adjust Brightness: Yes
          Built-In: Yes

